2024-10-13 16:56:29 - Invalid birth year
2024-10-13 16:56:42 - Invalid birth year
2024-10-13 17:44:43 - User attempted to access a non-existent operation: bac 
2024-10-13 17:45:55 - No actor name was entered.
2024-10-13 18:03:39 - User attempted to access a non-existent operation: 7
2024-10-13 18:05:31 - User attempted to access a non-existent operation: -1
2024-10-13 18:06:31 - No movie name was entered.
2024-10-13 18:06:57 - No movie name was entered.
2024-10-13 18:09:06 - No movie name was entered.
2024-10-13 18:10:34 - User attempted to access a non-existent operation: -1
2024-10-13 18:10:41 - No movie name was entered.
2024-10-13 18:11:08 - No movie name was entered.
2024-10-13 18:11:16 - No actor name was entered.
2024-10-13 20:04:28 - Action has not been selected
2024-10-13 20:04:41 - Action has not been selected
2024-10-13 22:32:28 - User attempted to access a non-existent operation: cOmEdy
2024-10-13 22:38:33 - Invalid movie year: 2001
2024-10-13 22:38:55 - Invalid movie year: 2001
2024-10-13 22:40:24 - Invalid birth year: 1989
2024-10-13 23:02:41 - The actor dose not exist: 44
2024-10-13 23:08:08 - The actor does not exist: 44
